d:\cppcode\bhcppseires\stage3\01_c++核心编程\2_const\x64\debug\vc143.pdb
d:\cppcode\bhcppseires\stage3\01_c++核心编程\2_const\x64\debug\vc143.idb
d:\cppcode\bhcppseires\stage3\01_c++核心编程\2_const\x64\debug\main.obj
d:\cppcode\bhcppseires\stage3\01_c++核心编程\2_const\x64\debug\externconst.obj
d:\cppcode\bhcppseires\stage3\01_c++核心编程\2_const\x64\debug\2_const.pdb
d:\cppcode\bhcppseires\stage3\01_c++核心编程\2_const\x64\debug\2_const.tlog\cl.command.1.tlog
d:\cppcode\bhcppseires\stage3\01_c++核心编程\2_const\x64\debug\2_const.tlog\cl.read.1.tlog
d:\cppcode\bhcppseires\stage3\01_c++核心编程\2_const\x64\debug\2_const.tlog\cl.write.1.tlog
d:\cppcode\bhcppseires\stage3\01_c++核心编程\2_const\x64\debug\2_const.tlog\link-cvtres.read.1.tlog
d:\cppcode\bhcppseires\stage3\01_c++核心编程\2_const\x64\debug\2_const.tlog\link-cvtres.write.1.tlog
d:\cppcode\bhcppseires\stage3\01_c++核心编程\2_const\x64\debug\2_const.tlog\link-rc.read.1.tlog
d:\cppcode\bhcppseires\stage3\01_c++核心编程\2_const\x64\debug\2_const.tlog\link-rc.write.1.tlog
d:\cppcode\bhcppseires\stage3\01_c++核心编程\2_const\x64\debug\2_const.tlog\link.2708-cvtres.read.1.tlog
d:\cppcode\bhcppseires\stage3\01_c++核心编程\2_const\x64\debug\2_const.tlog\link.2708-cvtres.write.1.tlog
d:\cppcode\bhcppseires\stage3\01_c++核心编程\2_const\x64\debug\2_const.tlog\link.2708-rc.read.1.tlog
d:\cppcode\bhcppseires\stage3\01_c++核心编程\2_const\x64\debug\2_const.tlog\link.2708-rc.write.1.tlog
d:\cppcode\bhcppseires\stage3\01_c++核心编程\2_const\x64\debug\2_const.tlog\link.2708.read.1.tlog
d:\cppcode\bhcppseires\stage3\01_c++核心编程\2_const\x64\debug\2_const.tlog\link.2708.read.2.tlog
d:\cppcode\bhcppseires\stage3\01_c++核心编程\2_const\x64\debug\2_const.tlog\link.2708.write.1.tlog
d:\cppcode\bhcppseires\stage3\01_c++核心编程\2_const\x64\debug\2_const.tlog\link.command.1.tlog
d:\cppcode\bhcppseires\stage3\01_c++核心编程\2_const\x64\debug\2_const.tlog\link.read.1.tlog
d:\cppcode\bhcppseires\stage3\01_c++核心编程\2_const\x64\debug\2_const.tlog\link.read.2.tlog
d:\cppcode\bhcppseires\stage3\01_c++核心编程\2_const\x64\debug\2_const.tlog\link.write.1.tlog
